<?xml version="1.0" encoding="UTF-8"?>
<coverage generated="1606208471298" clover="3.2.0">
  <project timestamp="1606208471298" name="All files">
    <metrics statements="84" coveredstatements="80" conditionals="20" coveredconditionals="16" methods="39" coveredmethods="39" elements="143" coveredelements="135" complexity="0" loc="84" ncloc="84" packages="5" files="5" classes="5">
      <package name="src">
        <metrics statements="4" coveredstatements="0" conditionals="0" coveredconditionals="0" methods="0" coveredmethods="0"/>
        <file name="index.js" path="/Users/JenniferZhang/FrontEndRepo/to-do-list/src/index.js">
          <metrics statements="4" coveredstatements="0" conditionals="0" coveredconditionals="0" methods="0" coveredmethods="0"/>
          <line num="2" count="0" type="stmt"/>
          <line num="3" count="0" type="stmt"/>
          <line num="4" count="0" type="stmt"/>
          <line num="5" count="0" type="stmt"/>
        </file>
      </package>
      <package name="src.components">
        <metrics statements="49" coveredstatements="49" conditionals="14" coveredconditionals="11" methods="22" coveredmethods="22"/>
        <file name="index.jsx" path="/Users/JenniferZhang/FrontEndRepo/to-do-list/src/components/index.jsx">
          <metrics statements="49" coveredstatements="49" conditionals="14" coveredconditionals="11" methods="22" coveredmethods="22"/>
          <line num="20" count="21" type="stmt"/>
          <line num="23" count="21" type="cond" truecount="2" falsecount="0"/>
          <line num="24" count="4" type="stmt"/>
          <line num="25" count="17" type="cond" truecount="2" falsecount="0"/>
          <line num="26" count="5" type="stmt"/>
          <line num="27" count="14" type="cond" truecount="1" falsecount="1"/>
          <line num="28" count="19" type="stmt"/>
          <line num="31" count="21" type="cond" truecount="2" falsecount="0"/>
          <line num="33" count="13" type="stmt"/>
          <line num="34" count="14" type="stmt"/>
          <line num="39" count="21" type="stmt"/>
          <line num="41" count="21" type="stmt"/>
          <line num="46" count="1" type="stmt"/>
          <line num="47" count="1" type="stmt"/>
          <line num="53" count="1" type="stmt"/>
          <line num="57" count="1" type="stmt"/>
          <line num="58" count="1" type="stmt"/>
          <line num="59" count="1" type="stmt"/>
          <line num="60" count="1" type="stmt"/>
          <line num="65" count="1" type="stmt"/>
          <line num="66" count="1" type="stmt"/>
          <line num="68" count="1" type="stmt"/>
          <line num="69" count="1" type="stmt"/>
          <line num="70" count="1" type="stmt"/>
          <line num="74" count="1" type="stmt"/>
          <line num="75" count="1" type="stmt"/>
          <line num="76" count="1" type="stmt"/>
          <line num="77" count="1" type="stmt"/>
          <line num="83" count="2" type="cond" truecount="1" falsecount="1"/>
          <line num="84" count="2" type="stmt"/>
          <line num="99" count="1" type="cond" truecount="1" falsecount="1"/>
          <line num="101" count="1" type="stmt"/>
          <line num="107" count="1" type="stmt"/>
          <line num="108" count="1" type="stmt"/>
          <line num="109" count="1" type="stmt"/>
          <line num="110" count="1" type="stmt"/>
          <line num="114" count="1" type="stmt"/>
          <line num="115" count="1" type="stmt"/>
          <line num="117" count="1" type="stmt"/>
          <line num="118" count="1" type="stmt"/>
          <line num="122" count="1" type="stmt"/>
          <line num="123" count="1" type="stmt"/>
          <line num="125" count="1" type="stmt"/>
          <line num="126" count="1" type="stmt"/>
          <line num="132" count="1" type="stmt"/>
          <line num="136" count="22" type="stmt"/>
          <line num="138" count="22" type="cond" truecount="2" falsecount="0"/>
          <line num="139" count="5" type="stmt"/>
          <line num="158" count="17" type="stmt"/>
        </file>
      </package>
      <package name="src.components.edit">
        <metrics statements="9" coveredstatements="9" conditionals="0" coveredconditionals="0" methods="4" coveredmethods="4"/>
        <file name="index.jsx" path="/Users/JenniferZhang/FrontEndRepo/to-do-list/src/components/edit/index.jsx">
          <metrics statements="9" coveredstatements="9" conditionals="0" coveredconditionals="0" methods="4" coveredmethods="4"/>
          <line num="12" count="1" type="stmt"/>
          <line num="13" count="1" type="stmt"/>
          <line num="16" count="1" type="stmt"/>
          <line num="20" count="1" type="stmt"/>
          <line num="21" count="1" type="stmt"/>
          <line num="25" count="2" type="stmt"/>
          <line num="26" count="2" type="stmt"/>
          <line num="27" count="2" type="stmt"/>
          <line num="41" count="1" type="stmt"/>
        </file>
      </package>
      <package name="src.components.list">
        <metrics statements="16" coveredstatements="16" conditionals="4" coveredconditionals="3" methods="10" coveredmethods="10"/>
        <file name="index.jsx" path="/Users/JenniferZhang/FrontEndRepo/to-do-list/src/components/list/index.jsx">
          <metrics statements="16" coveredstatements="16" conditionals="4" coveredconditionals="3" methods="10" coveredmethods="10"/>
          <line num="5" count="2" type="stmt"/>
          <line num="14" count="3" type="stmt"/>
          <line num="16" count="3" type="stmt"/>
          <line num="17" count="2" type="cond" truecount="2" falsecount="0"/>
          <line num="18" count="1" type="stmt"/>
          <line num="21" count="1" type="stmt"/>
          <line num="27" count="1" type="stmt"/>
          <line num="36" count="1" type="stmt"/>
          <line num="43" count="1" type="stmt"/>
          <line num="51" count="1" type="stmt"/>
          <line num="54" count="1" type="stmt"/>
          <line num="60" count="1" type="stmt"/>
          <line num="61" count="1" type="stmt"/>
          <line num="65" count="1" type="stmt"/>
          <line num="75" count="3" type="stmt"/>
          <line num="78" count="2" type="stmt"/>
        </file>
      </package>
      <package name="src.components.status">
        <metrics statements="6" coveredstatements="6" conditionals="2" coveredconditionals="2" methods="3" coveredmethods="3"/>
        <file name="index.jsx" path="/Users/JenniferZhang/FrontEndRepo/to-do-list/src/components/status/index.jsx">
          <metrics statements="6" coveredstatements="6" conditionals="2" coveredconditionals="2" methods="3" coveredmethods="3"/>
          <line num="4" count="2" type="stmt"/>
          <line num="5" count="1" type="stmt"/>
          <line num="6" count="1" type="stmt"/>
          <line num="10" count="3" type="stmt"/>
          <line num="19" count="1" type="stmt"/>
          <line num="30" count="2" type="stmt"/>
        </file>
      </package>
    </metrics>
  </project>
</coverage>
