{"/Users/JenniferZhang/FrontEndRepo/to-do-list/src/index.js": {"path":"/Users/JenniferZhang/FrontEndRepo/to-do-list/src/index.js","statementMap":{"0":{"start":{"line":2,"column":0},"end":{"line":null,"column":-1}},"1":{"start":{"line":3,"column":0},"end":{"line":null,"column":-1}},"2":{"start":{"line":4,"column":0},"end":{"line":null,"column":-1}},"3":{"start":{"line":5,"column":0},"end":{"line":null,"column":-1}}},"fnMap":{},"branchMap":{},"s":{"0":0,"1":0,"2":0,"3":0},"f":{},"b":{}}
,"/Users/JenniferZhang/FrontEndRepo/to-do-list/src/components/index.jsx": {"path":"/Users/JenniferZhang/FrontEndRepo/to-do-list/src/components/index.jsx","statementMap":{"0":{"start":{"line":20,"column":55},"end":{"line":20,"column":65}},"1":{"start":{"line":23,"column":4},"end":{"line":29,"column":5}},"2":{"start":{"line":24,"column":6},"end":{"line":24,"column":28}},"3":{"start":{"line":25,"column":11},"end":{"line":29,"column":5}},"4":{"start":{"line":26,"column":6},"end":{"line":26,"column":58}},"5":{"start":{"line":26,"column":45},"end":{"line":26,"column":56}},"6":{"start":{"line":27,"column":11},"end":{"line":29,"column":5}},"7":{"start":{"line":28,"column":6},"end":{"line":28,"column":59}},"8":{"start":{"line":28,"column":45},"end":{"line":28,"column":57}},"9":{"start":{"line":31,"column":4},"end":{"line":36,"column":5}},"10":{"start":{"line":33,"column":6},"end":{"line":35,"column":8}},"11":{"start":{"line":34,"column":18},"end":{"line":34,"column":54}},"12":{"start":{"line":39,"column":4},"end":{"line":39,"column":64}},"13":{"start":{"line":39,"column":39},"end":{"line":39,"column":62}},"14":{"start":{"line":41,"column":4},"end":{"line":41,"column":20}},"15":{"start":{"line":46,"column":19},"end":{"line":46,"column":29}},"16":{"start":{"line":47,"column":4},"end":{"line":49,"column":7}},"17":{"start":{"line":53,"column":4},"end":{"line":53,"column":50}},"18":{"start":{"line":57,"column":21},"end":{"line":57,"column":61}},"19":{"start":{"line":58,"column":18},"end":{"line":58,"column":60}},"20":{"start":{"line":58,"column":41},"end":{"line":58,"column":59}},"21":{"start":{"line":59,"column":4},"end":{"line":59,"column":46}},"22":{"start":{"line":60,"column":4},"end":{"line":60,"column":34}},"23":{"start":{"line":65,"column":21},"end":{"line":65,"column":61}},"24":{"start":{"line":66,"column":18},"end":{"line":66,"column":60}},"25":{"start":{"line":66,"column":41},"end":{"line":66,"column":59}},"26":{"start":{"line":68,"column":4},"end":{"line":68,"column":33}},"27":{"start":{"line":69,"column":4},"end":{"line":69,"column":28}},"28":{"start":{"line":70,"column":4},"end":{"line":70,"column":34}},"29":{"start":{"line":74,"column":21},"end":{"line":74,"column":61}},"30":{"start":{"line":75,"column":18},"end":{"line":75,"column":60}},"31":{"start":{"line":75,"column":41},"end":{"line":75,"column":59}},"32":{"start":{"line":76,"column":4},"end":{"line":76,"column":33}},"33":{"start":{"line":77,"column":4},"end":{"line":77,"column":34}},"34":{"start":{"line":83,"column":4},"end":{"line":95,"column":5}},"35":{"start":{"line":84,"column":6},"end":{"line":94,"column":9}},"36":{"start":{"line":99,"column":4},"end":{"line":102,"column":5}},"37":{"start":{"line":101,"column":6},"end":{"line":101,"column":25}},"38":{"start":{"line":107,"column":21},"end":{"line":107,"column":47}},"39":{"start":{"line":108,"column":20},"end":{"line":108,"column":62}},"40":{"start":{"line":108,"column":43},"end":{"line":108,"column":61}},"41":{"start":{"line":109,"column":4},"end":{"line":109,"column":33}},"42":{"start":{"line":110,"column":4},"end":{"line":110,"column":34}},"43":{"start":{"line":114,"column":21},"end":{"line":114,"column":47}},"44":{"start":{"line":115,"column":18},"end":{"line":115,"column":42}},"45":{"start":{"line":117,"column":4},"end":{"line":117,"column":32}},"46":{"start":{"line":118,"column":4},"end":{"line":118,"column":34}},"47":{"start":{"line":122,"column":21},"end":{"line":122,"column":47}},"48":{"start":{"line":123,"column":18},"end":{"line":123,"column":60}},"49":{"start":{"line":123,"column":41},"end":{"line":123,"column":59}},"50":{"start":{"line":125,"column":4},"end":{"line":125,"column":37}},"51":{"start":{"line":126,"column":4},"end":{"line":126,"column":34}},"52":{"start":{"line":132,"column":4},"end":{"line":132,"column":46}},"53":{"start":{"line":136,"column":56},"end":{"line":136,"column":66}},"54":{"start":{"line":138,"column":4},"end":{"line":199,"column":5}},"55":{"start":{"line":139,"column":6},"end":{"line":156,"column":8}},"56":{"start":{"line":158,"column":6},"end":{"line":198,"column":8}}},"fnMap":{"0":{"name":"(anonymous_0)","decl":{"start":{"line":19,"column":2},"end":{"line":19,"column":3}},"loc":{"start":{"line":19,"column":27},"end":{"line":42,"column":3}},"line":19},"1":{"name":"(anonymous_1)","decl":{"start":{"line":26,"column":35},"end":{"line":26,"column":36}},"loc":{"start":{"line":26,"column":45},"end":{"line":26,"column":56}},"line":26},"2":{"name":"(anonymous_2)","decl":{"start":{"line":28,"column":35},"end":{"line":28,"column":36}},"loc":{"start":{"line":28,"column":45},"end":{"line":28,"column":57}},"line":28},"3":{"name":"(anonymous_3)","decl":{"start":{"line":34,"column":8},"end":{"line":34,"column":9}},"loc":{"start":{"line":34,"column":18},"end":{"line":34,"column":54}},"line":34},"4":{"name":"(anonymous_4)","decl":{"start":{"line":39,"column":29},"end":{"line":39,"column":30}},"loc":{"start":{"line":39,"column":39},"end":{"line":39,"column":62}},"line":39},"5":{"name":"(anonymous_5)","decl":{"start":{"line":45,"column":17},"end":{"line":45,"column":18}},"loc":{"start":{"line":45,"column":24},"end":{"line":50,"column":3}},"line":45},"6":{"name":"(anonymous_6)","decl":{"start":{"line":52,"column":17},"end":{"line":52,"column":18}},"loc":{"start":{"line":52,"column":24},"end":{"line":54,"column":3}},"line":52},"7":{"name":"(anonymous_7)","decl":{"start":{"line":56,"column":23},"end":{"line":56,"column":24}},"loc":{"start":{"line":56,"column":36},"end":{"line":61,"column":3}},"line":56},"8":{"name":"(anonymous_8)","decl":{"start":{"line":58,"column":34},"end":{"line":58,"column":35}},"loc":{"start":{"line":58,"column":41},"end":{"line":58,"column":59}},"line":58},"9":{"name":"(anonymous_9)","decl":{"start":{"line":64,"column":15},"end":{"line":64,"column":16}},"loc":{"start":{"line":64,"column":35},"end":{"line":71,"column":3}},"line":64},"10":{"name":"(anonymous_10)","decl":{"start":{"line":66,"column":34},"end":{"line":66,"column":35}},"loc":{"start":{"line":66,"column":41},"end":{"line":66,"column":59}},"line":66},"11":{"name":"(anonymous_11)","decl":{"start":{"line":73,"column":17},"end":{"line":73,"column":18}},"loc":{"start":{"line":73,"column":27},"end":{"line":78,"column":3}},"line":73},"12":{"name":"(anonymous_12)","decl":{"start":{"line":75,"column":34},"end":{"line":75,"column":35}},"loc":{"start":{"line":75,"column":41},"end":{"line":75,"column":59}},"line":75},"13":{"name":"(anonymous_13)","decl":{"start":{"line":81,"column":16},"end":{"line":81,"column":17}},"loc":{"start":{"line":81,"column":22},"end":{"line":96,"column":3}},"line":81},"14":{"name":"(anonymous_14)","decl":{"start":{"line":98,"column":18},"end":{"line":98,"column":19}},"loc":{"start":{"line":98,"column":25},"end":{"line":103,"column":3}},"line":98},"15":{"name":"(anonymous_15)","decl":{"start":{"line":106,"column":15},"end":{"line":106,"column":16}},"loc":{"start":{"line":106,"column":25},"end":{"line":111,"column":3}},"line":106},"16":{"name":"(anonymous_16)","decl":{"start":{"line":108,"column":36},"end":{"line":108,"column":37}},"loc":{"start":{"line":108,"column":43},"end":{"line":108,"column":61}},"line":108},"17":{"name":"(anonymous_17)","decl":{"start":{"line":113,"column":17},"end":{"line":113,"column":18}},"loc":{"start":{"line":113,"column":27},"end":{"line":119,"column":3}},"line":113},"18":{"name":"(anonymous_18)","decl":{"start":{"line":121,"column":17},"end":{"line":121,"column":18}},"loc":{"start":{"line":121,"column":27},"end":{"line":127,"column":3}},"line":121},"19":{"name":"(anonymous_19)","decl":{"start":{"line":123,"column":34},"end":{"line":123,"column":35}},"loc":{"start":{"line":123,"column":41},"end":{"line":123,"column":59}},"line":123},"20":{"name":"(anonymous_20)","decl":{"start":{"line":130,"column":17},"end":{"line":130,"column":18}},"loc":{"start":{"line":130,"column":29},"end":{"line":133,"column":3}},"line":130},"21":{"name":"(anonymous_21)","decl":{"start":{"line":135,"column":2},"end":{"line":135,"column":3}},"loc":{"start":{"line":135,"column":11},"end":{"line":200,"column":3}},"line":135}},"branchMap":{"0":{"loc":{"start":{"line":23,"column":4},"end":{"line":29,"column":5}},"type":"if","locations":[{"start":{"line":23,"column":4},"end":{"line":29,"column":5}},{"start":{"line":23,"column":4},"end":{"line":29,"column":5}}],"line":23},"1":{"loc":{"start":{"line":25,"column":11},"end":{"line":29,"column":5}},"type":"if","locations":[{"start":{"line":25,"column":11},"end":{"line":29,"column":5}},{"start":{"line":25,"column":11},"end":{"line":29,"column":5}}],"line":25},"2":{"loc":{"start":{"line":27,"column":11},"end":{"line":29,"column":5}},"type":"if","locations":[{"start":{"line":27,"column":11},"end":{"line":29,"column":5}},{"start":{"line":27,"column":11},"end":{"line":29,"column":5}}],"line":27},"3":{"loc":{"start":{"line":31,"column":4},"end":{"line":36,"column":5}},"type":"if","locations":[{"start":{"line":31,"column":4},"end":{"line":36,"column":5}},{"start":{"line":31,"column":4},"end":{"line":36,"column":5}}],"line":31},"4":{"loc":{"start":{"line":83,"column":4},"end":{"line":95,"column":5}},"type":"if","locations":[{"start":{"line":83,"column":4},"end":{"line":95,"column":5}},{"start":{"line":83,"column":4},"end":{"line":95,"column":5}}],"line":83},"5":{"loc":{"start":{"line":99,"column":4},"end":{"line":102,"column":5}},"type":"if","locations":[{"start":{"line":99,"column":4},"end":{"line":102,"column":5}},{"start":{"line":99,"column":4},"end":{"line":102,"column":5}}],"line":99},"6":{"loc":{"start":{"line":138,"column":4},"end":{"line":199,"column":5}},"type":"if","locations":[{"start":{"line":138,"column":4},"end":{"line":199,"column":5}},{"start":{"line":138,"column":4},"end":{"line":199,"column":5}}],"line":138}},"s":{"0":21,"1":21,"2":4,"3":17,"4":3,"5":5,"6":14,"7":14,"8":19,"9":21,"10":13,"11":14,"12":21,"13":4,"14":21,"15":1,"16":1,"17":1,"18":1,"19":1,"20":1,"21":1,"22":1,"23":1,"24":1,"25":1,"26":1,"27":1,"28":1,"29":1,"30":1,"31":1,"32":1,"33":1,"34":2,"35":2,"36":1,"37":1,"38":1,"39":1,"40":1,"41":1,"42":1,"43":1,"44":1,"45":1,"46":1,"47":1,"48":1,"49":1,"50":1,"51":1,"52":1,"53":22,"54":22,"55":5,"56":17},"f":{"0":21,"1":5,"2":19,"3":14,"4":4,"5":1,"6":1,"7":1,"8":1,"9":1,"10":1,"11":1,"12":1,"13":2,"14":1,"15":1,"16":1,"17":1,"18":1,"19":1,"20":1,"21":22},"b":{"0":[4,17],"1":[3,14],"2":[14,0],"3":[13,8],"4":[2,0],"5":[1,0],"6":[5,17]},"_coverageSchema":"332fd63041d2c1bcb487cc26dd0d5f7d97098a6c","hash":"ff50c72a3929a01c0531281c317a7e1057e4755c"}
,"/Users/JenniferZhang/FrontEndRepo/to-do-list/src/components/edit/index.jsx": {"path":"/Users/JenniferZhang/FrontEndRepo/to-do-list/src/components/edit/index.jsx","statementMap":{"0":{"start":{"line":12,"column":4},"end":{"line":12,"column":17}},"1":{"start":{"line":13,"column":4},"end":{"line":15,"column":6}},"2":{"start":{"line":16,"column":4},"end":{"line":16,"column":57}},"3":{"start":{"line":20,"column":17},"end":{"line":20,"column":31}},"4":{"start":{"line":21,"column":4},"end":{"line":21,"column":38}},"5":{"start":{"line":25,"column":47},"end":{"line":25,"column":57}},"6":{"start":{"line":26,"column":25},"end":{"line":26,"column":35}},"7":{"start":{"line":27,"column":4},"end":{"line":46,"column":6}},"8":{"start":{"line":41,"column":25},"end":{"line":41,"column":41}}},"fnMap":{"0":{"name":"(anonymous_0)","decl":{"start":{"line":11,"column":2},"end":{"line":11,"column":3}},"loc":{"start":{"line":11,"column":21},"end":{"line":17,"column":3}},"line":11},"1":{"name":"(anonymous_1)","decl":{"start":{"line":19,"column":2},"end":{"line":19,"column":3}},"loc":{"start":{"line":19,"column":20},"end":{"line":22,"column":3}},"line":19},"2":{"name":"(anonymous_2)","decl":{"start":{"line":24,"column":2},"end":{"line":24,"column":3}},"loc":{"start":{"line":24,"column":11},"end":{"line":47,"column":3}},"line":24},"3":{"name":"(anonymous_3)","decl":{"start":{"line":41,"column":19},"end":{"line":41,"column":20}},"loc":{"start":{"line":41,"column":25},"end":{"line":41,"column":41}},"line":41}},"branchMap":{},"s":{"0":1,"1":1,"2":1,"3":1,"4":1,"5":2,"6":2,"7":2,"8":1},"f":{"0":1,"1":1,"2":2,"3":1},"b":{},"_coverageSchema":"332fd63041d2c1bcb487cc26dd0d5f7d97098a6c","hash":"69198d5e9fa7946e38ff773fd098c89217d9400d"}
,"/Users/JenniferZhang/FrontEndRepo/to-do-list/src/components/list/index.jsx": {"path":"/Users/JenniferZhang/FrontEndRepo/to-do-list/src/components/list/index.jsx","statementMap":{"0":{"start":{"line":5,"column":13},"end":{"line":76,"column":1}},"1":{"start":{"line":14,"column":6},"end":{"line":14,"column":11}},"2":{"start":{"line":16,"column":15},"end":{"line":73,"column":4}},"3":{"start":{"line":17,"column":4},"end":{"line":72,"column":5}},"4":{"start":{"line":18,"column":6},"end":{"line":49,"column":8}},"5":{"start":{"line":21,"column":29},"end":{"line":21,"column":52}},"6":{"start":{"line":27,"column":27},"end":{"line":27,"column":41}},"7":{"start":{"line":36,"column":27},"end":{"line":36,"column":39}},"8":{"start":{"line":43,"column":27},"end":{"line":43,"column":41}},"9":{"start":{"line":51,"column":6},"end":{"line":71,"column":8}},"10":{"start":{"line":54,"column":29},"end":{"line":54,"column":52}},"11":{"start":{"line":60,"column":34},"end":{"line":60,"column":56}},"12":{"start":{"line":61,"column":28},"end":{"line":61,"column":42}},"13":{"start":{"line":65,"column":27},"end":{"line":65,"column":41}},"14":{"start":{"line":75,"column":2},"end":{"line":75,"column":25}},"15":{"start":{"line":78,"column":0},"end":{"line":86,"column":2}}},"fnMap":{"0":{"name":"(anonymous_0)","decl":{"start":{"line":5,"column":13},"end":{"line":5,"column":14}},"loc":{"start":{"line":5,"column":24},"end":{"line":76,"column":1}},"line":5},"1":{"name":"(anonymous_1)","decl":{"start":{"line":16,"column":30},"end":{"line":16,"column":31}},"loc":{"start":{"line":16,"column":40},"end":{"line":73,"column":3}},"line":16},"2":{"name":"(anonymous_2)","decl":{"start":{"line":21,"column":22},"end":{"line":21,"column":23}},"loc":{"start":{"line":21,"column":29},"end":{"line":21,"column":52}},"line":21},"3":{"name":"(anonymous_3)","decl":{"start":{"line":27,"column":21},"end":{"line":27,"column":22}},"loc":{"start":{"line":27,"column":27},"end":{"line":27,"column":41}},"line":27},"4":{"name":"(anonymous_4)","decl":{"start":{"line":36,"column":21},"end":{"line":36,"column":22}},"loc":{"start":{"line":36,"column":27},"end":{"line":36,"column":39}},"line":36},"5":{"name":"(anonymous_5)","decl":{"start":{"line":43,"column":21},"end":{"line":43,"column":22}},"loc":{"start":{"line":43,"column":27},"end":{"line":43,"column":41}},"line":43},"6":{"name":"(anonymous_6)","decl":{"start":{"line":54,"column":22},"end":{"line":54,"column":23}},"loc":{"start":{"line":54,"column":29},"end":{"line":54,"column":52}},"line":54},"7":{"name":"(anonymous_7)","decl":{"start":{"line":60,"column":20},"end":{"line":60,"column":21}},"loc":{"start":{"line":60,"column":34},"end":{"line":60,"column":56}},"line":60},"8":{"name":"(anonymous_8)","decl":{"start":{"line":61,"column":22},"end":{"line":61,"column":23}},"loc":{"start":{"line":61,"column":28},"end":{"line":61,"column":42}},"line":61},"9":{"name":"(anonymous_9)","decl":{"start":{"line":65,"column":21},"end":{"line":65,"column":22}},"loc":{"start":{"line":65,"column":27},"end":{"line":65,"column":41}},"line":65}},"branchMap":{"0":{"loc":{"start":{"line":17,"column":4},"end":{"line":72,"column":5}},"type":"if","locations":[{"start":{"line":17,"column":4},"end":{"line":72,"column":5}},{"start":{"line":17,"column":4},"end":{"line":72,"column":5}}],"line":17},"1":{"loc":{"start":{"line":29,"column":23},"end":{"line":29,"column":52}},"type":"cond-expr","locations":[{"start":{"line":29,"column":37},"end":{"line":29,"column":45}},{"start":{"line":29,"column":48},"end":{"line":29,"column":52}}],"line":29}},"s":{"0":2,"1":3,"2":3,"3":2,"4":1,"5":1,"6":1,"7":1,"8":1,"9":1,"10":1,"11":1,"12":1,"13":1,"14":3,"15":2},"f":{"0":3,"1":2,"2":1,"3":1,"4":1,"5":1,"6":1,"7":1,"8":1,"9":1},"b":{"0":[1,1],"1":[0,1]},"_coverageSchema":"332fd63041d2c1bcb487cc26dd0d5f7d97098a6c","hash":"7556c730ee0cb2cd1f8f9f08eb1f43b12b396b1c"}
,"/Users/JenniferZhang/FrontEndRepo/to-do-list/src/components/status/index.jsx": {"path":"/Users/JenniferZhang/FrontEndRepo/to-do-list/src/components/status/index.jsx","statementMap":{"0":{"start":{"line":4,"column":15},"end":{"line":28,"column":1}},"1":{"start":{"line":5,"column":52},"end":{"line":5,"column":57}},"2":{"start":{"line":6,"column":2},"end":{"line":27,"column":4}},"3":{"start":{"line":10,"column":10},"end":{"line":23,"column":15}},"4":{"start":{"line":19,"column":29},"end":{"line":19,"column":45}},"5":{"start":{"line":30,"column":0},"end":{"line":34,"column":2}}},"fnMap":{"0":{"name":"(anonymous_0)","decl":{"start":{"line":4,"column":15},"end":{"line":4,"column":16}},"loc":{"start":{"line":4,"column":26},"end":{"line":28,"column":1}},"line":4},"1":{"name":"(anonymous_1)","decl":{"start":{"line":9,"column":25},"end":{"line":9,"column":26}},"loc":{"start":{"line":10,"column":10},"end":{"line":23,"column":15}},"line":10},"2":{"name":"(anonymous_2)","decl":{"start":{"line":19,"column":23},"end":{"line":19,"column":24}},"loc":{"start":{"line":19,"column":29},"end":{"line":19,"column":45}},"line":19}},"branchMap":{"0":{"loc":{"start":{"line":12,"column":14},"end":{"line":12,"column":73}},"type":"cond-expr","locations":[{"start":{"line":12,"column":42},"end":{"line":12,"column":59}},{"start":{"line":12,"column":62},"end":{"line":12,"column":73}}],"line":12}},"s":{"0":2,"1":1,"2":1,"3":3,"4":1,"5":2},"f":{"0":1,"1":3,"2":1},"b":{"0":[1,2]},"_coverageSchema":"332fd63041d2c1bcb487cc26dd0d5f7d97098a6c","hash":"c653039042a50508042e174ea7d03e962406179e"}
}
