TN:
SF:/Users/JenniferZhang/FrontEndRepo/to-do-list/src/index.js
FNF:0
FNH:0
DA:2,0
DA:3,0
DA:4,0
DA:5,0
LF:4
LH:0
BRF:0
BRH:0
end_of_record
TN:
SF:/Users/JenniferZhang/FrontEndRepo/to-do-list/src/components/index.jsx
FN:19,(anonymous_0)
FN:26,(anonymous_1)
FN:28,(anonymous_2)
FN:34,(anonymous_3)
FN:39,(anonymous_4)
FN:45,(anonymous_5)
FN:52,(anonymous_6)
FN:56,(anonymous_7)
FN:58,(anonymous_8)
FN:64,(anonymous_9)
FN:66,(anonymous_10)
FN:73,(anonymous_11)
FN:75,(anonymous_12)
FN:81,(anonymous_13)
FN:98,(anonymous_14)
FN:106,(anonymous_15)
FN:108,(anonymous_16)
FN:113,(anonymous_17)
FN:121,(anonymous_18)
FN:123,(anonymous_19)
FN:130,(anonymous_20)
FN:135,(anonymous_21)
FNF:22
FNH:22
FNDA:21,(anonymous_0)
FNDA:5,(anonymous_1)
FNDA:19,(anonymous_2)
FNDA:14,(anonymous_3)
FNDA:4,(anonymous_4)
FNDA:1,(anonymous_5)
FNDA:1,(anonymous_6)
FNDA:1,(anonymous_7)
FNDA:1,(anonymous_8)
FNDA:1,(anonymous_9)
FNDA:1,(anonymous_10)
FNDA:1,(anonymous_11)
FNDA:1,(anonymous_12)
FNDA:2,(anonymous_13)
FNDA:1,(anonymous_14)
FNDA:1,(anonymous_15)
FNDA:1,(anonymous_16)
FNDA:1,(anonymous_17)
FNDA:1,(anonymous_18)
FNDA:1,(anonymous_19)
FNDA:1,(anonymous_20)
FNDA:22,(anonymous_21)
DA:20,21
DA:23,21
DA:24,4
DA:25,17
DA:26,5
DA:27,14
DA:28,19
DA:31,21
DA:33,13
DA:34,14
DA:39,21
DA:41,21
DA:46,1
DA:47,1
DA:53,1
DA:57,1
DA:58,1
DA:59,1
DA:60,1
DA:65,1
DA:66,1
DA:68,1
DA:69,1
DA:70,1
DA:74,1
DA:75,1
DA:76,1
DA:77,1
DA:83,2
DA:84,2
DA:99,1
DA:101,1
DA:107,1
DA:108,1
DA:109,1
DA:110,1
DA:114,1
DA:115,1
DA:117,1
DA:118,1
DA:122,1
DA:123,1
DA:125,1
DA:126,1
DA:132,1
DA:136,22
DA:138,22
DA:139,5
DA:158,17
LF:49
LH:49
BRDA:23,0,0,4
BRDA:23,0,1,17
BRDA:25,1,0,3
BRDA:25,1,1,14
BRDA:27,2,0,14
BRDA:27,2,1,0
BRDA:31,3,0,13
BRDA:31,3,1,8
BRDA:83,4,0,2
BRDA:83,4,1,0
BRDA:99,5,0,1
BRDA:99,5,1,0
BRDA:138,6,0,5
BRDA:138,6,1,17
BRF:14
BRH:11
end_of_record
TN:
SF:/Users/JenniferZhang/FrontEndRepo/to-do-list/src/components/edit/index.jsx
FN:11,(anonymous_0)
FN:19,(anonymous_1)
FN:24,(anonymous_2)
FN:41,(anonymous_3)
FNF:4
FNH:4
FNDA:1,(anonymous_0)
FNDA:1,(anonymous_1)
FNDA:2,(anonymous_2)
FNDA:1,(anonymous_3)
DA:12,1
DA:13,1
DA:16,1
DA:20,1
DA:21,1
DA:25,2
DA:26,2
DA:27,2
DA:41,1
LF:9
LH:9
BRF:0
BRH:0
end_of_record
TN:
SF:/Users/JenniferZhang/FrontEndRepo/to-do-list/src/components/list/index.jsx
FN:5,(anonymous_0)
FN:16,(anonymous_1)
FN:21,(anonymous_2)
FN:27,(anonymous_3)
FN:36,(anonymous_4)
FN:43,(anonymous_5)
FN:54,(anonymous_6)
FN:60,(anonymous_7)
FN:61,(anonymous_8)
FN:65,(anonymous_9)
FNF:10
FNH:10
FNDA:3,(anonymous_0)
FNDA:2,(anonymous_1)
FNDA:1,(anonymous_2)
FNDA:1,(anonymous_3)
FNDA:1,(anonymous_4)
FNDA:1,(anonymous_5)
FNDA:1,(anonymous_6)
FNDA:1,(anonymous_7)
FNDA:1,(anonymous_8)
FNDA:1,(anonymous_9)
DA:5,2
DA:14,3
DA:16,3
DA:17,2
DA:18,1
DA:21,1
DA:27,1
DA:36,1
DA:43,1
DA:51,1
DA:54,1
DA:60,1
DA:61,1
DA:65,1
DA:75,3
DA:78,2
LF:16
LH:16
BRDA:17,0,0,1
BRDA:17,0,1,1
BRDA:29,1,0,0
BRDA:29,1,1,1
BRF:4
BRH:3
end_of_record
TN:
SF:/Users/JenniferZhang/FrontEndRepo/to-do-list/src/components/status/index.jsx
FN:4,(anonymous_0)
FN:9,(anonymous_1)
FN:19,(anonymous_2)
FNF:3
FNH:3
FNDA:1,(anonymous_0)
FNDA:3,(anonymous_1)
FNDA:1,(anonymous_2)
DA:4,2
DA:5,1
DA:6,1
DA:10,3
DA:19,1
DA:30,2
LF:6
LH:6
BRDA:12,0,0,1
BRDA:12,0,1,2
BRF:2
BRH:2
end_of_record
